<?xml version="1.0" encoding="utf-8"?>
<coverage line-rate="0,914" branch-rate="0,868" version="1.9" timestamp="1539284347" lines-covered="275" lines-valid="301" branches-covered="59" branches-valid="68">
  <sources>
    <source>C:\Users\Clément\Documents\Anne2EcoleInge\C#\PROJET\efrei-2018-zarwin\CholletJaworskiZarwin\</source>
  </sources>
  <packages>
    <package name="CholletJaworskiZarwin" line-rate="0,914" branch-rate="0,868" complexity="0">
      <classes>
        <class name="CholletJaworskiZarwin.City" filename="City.cs" line-rate="1" branch-rate="1" complexity="0">
          <methods>
            <method name="get_Wall" signature="()" line-rate="1" branch-rate="0">
              <lines>
                <line number="12" hits="22" branch="False" />
              </lines>
            </method>
            <method name="HurtSoldiers" signature="(System.Int32,CholletJaworskiZarwin.DamageDispatcher)" line-rate="1" branch-rate="0">
              <lines>
                <line number="27" hits="2" branch="False" />
                <line number="28" hits="2" branch="False" />
                <line number="29" hits="2" branch="False" />
              </lines>
            </method>
            <method name="DefendFromHorde" signature="(CholletJaworskiZarwin.Horde)" line-rate="1" branch-rate="1">
              <lines>
                <line number="32" hits="6" branch="False" />
                <line number="33" hits="70" branch="True" condition-coverage="100% (2/2)">
                  <conditions>
                    <condition number="41" type="jump" coverage="100%" />
                  </conditions>
                </line>
                <line number="34" hits="26" branch="False" />
                <line number="35" hits="26" branch="False" />
                <line number="36" hits="26" branch="False" />
                <line number="37" hits="6" branch="False" />
              </lines>
            </method>
            <method name="GetNumberSoldiersAlive" signature="()" line-rate="1" branch-rate="1">
              <lines>
                <line number="40" hits="13" branch="False" />
                <line number="41" hits="13" branch="False" />
                <line number="42" hits="161" branch="True" condition-coverage="100% (2/2)">
                  <conditions>
                    <condition number="54" type="jump" coverage="100%" />
                  </conditions>
                </line>
                <line number="43" hits="61" branch="False" />
                <line number="44" hits="61" branch="True" condition-coverage="100% (2/2)">
                  <conditions>
                    <condition number="38" type="jump" coverage="100%" />
                  </conditions>
                </line>
                <line number="45" hits="61" branch="False" />
                <line number="46" hits="61" branch="False" />
                <line number="47" hits="61" branch="False" />
                <line number="48" hits="61" branch="False" />
                <line number="49" hits="13" branch="False" />
                <line number="50" hits="13" branch="False" />
              </lines>
            </method>
            <method name="SoldiersStats" signature="()" line-rate="1" branch-rate="1">
              <lines>
                <line number="54" hits="2" branch="False" />
                <line number="55" hits="2" branch="False" />
                <line number="56" hits="18" branch="True" condition-coverage="100% (2/2)">
                  <conditions>
                    <condition number="107" type="jump" coverage="100%" />
                  </conditions>
                </line>
                <line number="57" hits="6" branch="False" />
                <line number="58" hits="6" branch="False" />
                <line number="59" hits="6" branch="False" />
                <line number="61" hits="2" branch="False" />
                <line number="62" hits="2" branch="False" />
              </lines>
            </method>
            <method name="AreAllSoldiersDead" signature="()" line-rate="1" branch-rate="1">
              <lines>
                <line number="65" hits="2" branch="False" />
                <line number="66" hits="9" branch="True" condition-coverage="100% (2/2)">
                  <conditions>
                    <condition number="51" type="jump" coverage="100%" />
                  </conditions>
                </line>
                <line number="67" hits="2" branch="False" />
                <line number="68" hits="2" branch="True" condition-coverage="100% (2/2)">
                  <conditions>
                    <condition number="36" type="jump" coverage="100%" />
                  </conditions>
                </line>
                <line number="69" hits="1" branch="False" />
                <line number="70" hits="1" branch="False" />
                <line number="72" hits="1" branch="False" />
                <line number="73" hits="1" branch="False" />
                <line number="74" hits="2" branch="False" />
              </lines>
            </method>
            <method name="GetWall" signature="()" line-rate="1" branch-rate="0">
              <lines>
                <line number="77" hits="2" branch="False" />
                <line number="78" hits="2" branch="False" />
                <line number="79" hits="2" branch="False" />
              </lines>
            </method>
            <method name="GetSoldiers" signature="()" line-rate="1" branch-rate="0">
              <lines>
                <line number="82" hits="1" branch="False" />
                <line number="83" hits="1" branch="False" />
                <line number="84" hits="1" branch="False" />
              </lines>
            </method>
            <method name=".ctor" signature="(System.Int32,System.Int32)" line-rate="1" branch-rate="1">
              <lines>
                <line number="14" hits="8" branch="False" />
                <line number="15" hits="8" branch="False" />
                <line number="16" hits="8" branch="False" />
                <line number="19" hits="8" branch="False" />
                <line number="20" hits="64" branch="True" condition-coverage="100% (2/2)">
                  <conditions>
                    <condition number="64" type="jump" coverage="100%" />
                  </conditions>
                </line>
                <line number="21" hits="24" branch="False" />
                <line number="22" hits="24" branch="False" />
                <line number="23" hits="24" branch="False" />
                <line number="24" hits="8" branch="False" />
              </lines>
            </method>
          </methods>
          <lines>
            <line number="12" hits="22" branch="False" />
            <line number="27" hits="2" branch="False" />
            <line number="28" hits="2" branch="False" />
            <line number="29" hits="2" branch="False" />
            <line number="32" hits="6" branch="False" />
            <line number="33" hits="70" branch="True" condition-coverage="100% (2/2)">
              <conditions>
                <condition number="41" type="jump" coverage="100%" />
              </conditions>
            </line>
            <line number="34" hits="26" branch="False" />
            <line number="35" hits="26" branch="False" />
            <line number="36" hits="26" branch="False" />
            <line number="37" hits="6" branch="False" />
            <line number="40" hits="13" branch="False" />
            <line number="41" hits="13" branch="False" />
            <line number="42" hits="161" branch="True" condition-coverage="100% (2/2)">
              <conditions>
                <condition number="54" type="jump" coverage="100%" />
              </conditions>
            </line>
            <line number="43" hits="61" branch="False" />
            <line number="44" hits="61" branch="True" condition-coverage="100% (2/2)">
              <conditions>
                <condition number="38" type="jump" coverage="100%" />
              </conditions>
            </line>
            <line number="45" hits="61" branch="False" />
            <line number="46" hits="61" branch="False" />
            <line number="47" hits="61" branch="False" />
            <line number="48" hits="61" branch="False" />
            <line number="49" hits="13" branch="False" />
            <line number="50" hits="13" branch="False" />
            <line number="54" hits="2" branch="False" />
            <line number="55" hits="2" branch="False" />
            <line number="56" hits="18" branch="True" condition-coverage="100% (2/2)">
              <conditions>
                <condition number="107" type="jump" coverage="100%" />
              </conditions>
            </line>
            <line number="57" hits="6" branch="False" />
            <line number="58" hits="6" branch="False" />
            <line number="59" hits="6" branch="False" />
            <line number="61" hits="2" branch="False" />
            <line number="62" hits="2" branch="False" />
            <line number="65" hits="2" branch="False" />
            <line number="66" hits="9" branch="True" condition-coverage="100% (2/2)">
              <conditions>
                <condition number="51" type="jump" coverage="100%" />
              </conditions>
            </line>
            <line number="67" hits="2" branch="False" />
            <line number="68" hits="2" branch="True" condition-coverage="100% (2/2)">
              <conditions>
                <condition number="36" type="jump" coverage="100%" />
              </conditions>
            </line>
            <line number="69" hits="1" branch="False" />
            <line number="70" hits="1" branch="False" />
            <line number="72" hits="1" branch="False" />
            <line number="73" hits="1" branch="False" />
            <line number="74" hits="2" branch="False" />
            <line number="77" hits="2" branch="False" />
            <line number="78" hits="2" branch="False" />
            <line number="79" hits="2" branch="False" />
            <line number="82" hits="1" branch="False" />
            <line number="83" hits="1" branch="False" />
            <line number="84" hits="1" branch="False" />
            <line number="14" hits="8" branch="False" />
            <line number="15" hits="8" branch="False" />
            <line number="16" hits="8" branch="False" />
            <line number="19" hits="8" branch="False" />
            <line number="20" hits="64" branch="True" condition-coverage="100% (2/2)">
              <conditions>
                <condition number="64" type="jump" coverage="100%" />
              </conditions>
            </line>
            <line number="21" hits="24" branch="False" />
            <line number="22" hits="24" branch="False" />
            <line number="23" hits="24" branch="False" />
            <line number="24" hits="8" branch="False" />
          </lines>
        </class>
        <class name="CholletJaworskiZarwin.DamageDispatcher" filename="DamageDispatcher.cs" line-rate="1" branch-rate="1" complexity="0">
          <methods>
            <method name="DispatchDamage" signature="(System.Int32,System.Collections.Generic.IEnumerable`1&lt;Zarwin.Shared.Contracts.Core.ISoldier&gt;)" line-rate="1" branch-rate="1">
              <lines>
                <line number="11" hits="2" branch="False" />
                <line number="12" hits="7" branch="True" condition-coverage="100% (6/6)">
                  <conditions>
                    <condition number="110" type="jump" coverage="100%" />
                    <condition number="61" type="jump" coverage="100%" />
                    <condition number="70" type="jump" coverage="100%" />
                  </conditions>
                </line>
                <line number="13" hits="2" branch="False" />
                <line number="15" hits="2" branch="False" />
                <line number="16" hits="2" branch="False" />
                <line number="18" hits="2" branch="False" />
                <line number="19" hits="2" branch="False" />
                <line number="21" hits="2" branch="False" />
                <line number="22" hits="2" branch="False" />
                <line number="23" hits="2" branch="False" />
                <line number="24" hits="2" branch="False" />
              </lines>
            </method>
          </methods>
          <lines>
            <line number="11" hits="2" branch="False" />
            <line number="12" hits="7" branch="True" condition-coverage="100% (6/6)">
              <conditions>
                <condition number="110" type="jump" coverage="100%" />
                <condition number="61" type="jump" coverage="100%" />
                <condition number="70" type="jump" coverage="100%" />
              </conditions>
            </line>
            <line number="13" hits="2" branch="False" />
            <line number="15" hits="2" branch="False" />
            <line number="16" hits="2" branch="False" />
            <line number="18" hits="2" branch="False" />
            <line number="19" hits="2" branch="False" />
            <line number="21" hits="2" branch="False" />
            <line number="22" hits="2" branch="False" />
            <line number="23" hits="2" branch="False" />
            <line number="24" hits="2" branch="False" />
          </lines>
        </class>
        <class name="CholletJaworskiZarwin.Game" filename="Game.cs" line-rate="0,966" branch-rate="0,812" complexity="0">
          <methods>
            <method name="get_Message" signature="()" line-rate="1" branch-rate="0">
              <lines>
                <line number="40" hits="1" branch="False" />
              </lines>
            </method>
            <method name="Turn" signature="()" line-rate="0,909" branch-rate="0,75">
              <lines>
                <line number="43" hits="5" branch="False" />
                <line number="44" hits="5" branch="True" condition-coverage="100% (2/2)">
                  <conditions>
                    <condition number="12" type="jump" coverage="100%" />
                  </conditions>
                </line>
                <line number="45" hits="5" branch="False" />
                <line number="47" hits="5" branch="False" />
                <line number="48" hits="5" branch="False" />
                <line number="52" hits="5" branch="False" />
                <line number="53" hits="5" branch="False" />
                <line number="54" hits="5" branch="False" />
                <line number="56" hits="5" branch="False" />
                <line number="59" hits="5" branch="False" />
                <line number="60" hits="5" branch="False" />
                <line number="63" hits="5" branch="True" condition-coverage="100% (2/2)">
                  <conditions>
                    <condition number="126" type="jump" coverage="100%" />
                  </conditions>
                </line>
                <line number="64" hits="2" branch="False" />
                <line number="65" hits="2" branch="False" />
                <line number="66" hits="2" branch="True" condition-coverage="50% (2/4)">
                  <conditions>
                    <condition number="152" type="jump" coverage="50%" />
                    <condition number="168" type="jump" coverage="50%" />
                  </conditions>
                </line>
                <line number="67" hits="0" branch="False" />
                <line number="68" hits="0" branch="False" />
                <line number="69" hits="2" branch="False" />
                <line number="70" hits="2" branch="False" />
                <line number="71" hits="2" branch="False" />
                <line number="72" hits="2" branch="False" />
                <line number="74" hits="5" branch="False" />
              </lines>
            </method>
            <method name="ManageHordes" signature="()" line-rate="1" branch-rate="1">
              <lines>
                <line number="77" hits="5" branch="False" />
                <line number="79" hits="5" branch="True" condition-coverage="100% (4/4)">
                  <conditions>
                    <condition number="12" type="jump" coverage="100%" />
                    <condition number="28" type="jump" coverage="100%" />
                  </conditions>
                </line>
                <line number="81" hits="1" branch="False" />
                <line number="82" hits="1" branch="False" />
                <line number="83" hits="1" branch="False" />
                <line number="84" hits="1" branch="False" />
                <line number="85" hits="1" branch="False" />
                <line number="86" hits="1" branch="False" />
                <line number="87" hits="5" branch="False" />
              </lines>
            </method>
            <method name="IsFinished" signature="()" line-rate="1" branch-rate="0,75">
              <lines>
                <line number="90" hits="13" branch="False" />
                <line number="91" hits="13" branch="True" condition-coverage="100% (2/2)">
                  <conditions>
                    <condition number="12" type="jump" coverage="100%" />
                  </conditions>
                </line>
                <line number="92" hits="4" branch="False" />
                <line number="93" hits="4" branch="False" />
                <line number="96" hits="9" branch="True" condition-coverage="50% (1/2)">
                  <conditions>
                    <condition number="30" type="jump" coverage="50%" />
                  </conditions>
                </line>
                <line number="97" hits="13" branch="False" />
              </lines>
            </method>
            <method name="SoldiersStats" signature="()" line-rate="1" branch-rate="0">
              <lines>
                <line number="100" hits="1" branch="False" />
                <line number="101" hits="1" branch="False" />
                <line number="102" hits="1" branch="False" />
              </lines>
            </method>
            <method name="get_WallHealth" signature="()" line-rate="1" branch-rate="0">
              <lines>
                <line number="104" hits="1" branch="False" />
              </lines>
            </method>
            <method name="ToString" signature="()" line-rate="1" branch-rate="0">
              <lines>
                <line number="107" hits="1" branch="False" />
                <line number="108" hits="1" branch="False" />
                <line number="109" hits="1" branch="False" />
                <line number="110" hits="1" branch="False" />
                <line number="112" hits="1" branch="False" />
                <line number="113" hits="1" branch="False" />
              </lines>
            </method>
            <method name=".ctor" signature="(System.Int32,System.Int32,System.Int32,System.Int32)" line-rate="1" branch-rate="0">
              <lines>
                <line number="29" hits="4" branch="False" />
                <line number="30" hits="4" branch="False" />
                <line number="31" hits="4" branch="False" />
                <line number="32" hits="4" branch="False" />
                <line number="33" hits="4" branch="False" />
                <line number="34" hits="4" branch="False" />
                <line number="35" hits="4" branch="False" />
                <line number="36" hits="4" branch="False" />
                <line number="37" hits="4" branch="False" />
                <line number="38" hits="4" branch="False" />
              </lines>
            </method>
          </methods>
          <lines>
            <line number="40" hits="1" branch="False" />
            <line number="43" hits="5" branch="False" />
            <line number="44" hits="5" branch="True" condition-coverage="100% (2/2)">
              <conditions>
                <condition number="12" type="jump" coverage="100%" />
              </conditions>
            </line>
            <line number="45" hits="5" branch="False" />
            <line number="47" hits="5" branch="False" />
            <line number="48" hits="5" branch="False" />
            <line number="52" hits="5" branch="False" />
            <line number="53" hits="5" branch="False" />
            <line number="54" hits="5" branch="False" />
            <line number="56" hits="5" branch="False" />
            <line number="59" hits="5" branch="False" />
            <line number="60" hits="5" branch="False" />
            <line number="63" hits="5" branch="True" condition-coverage="100% (2/2)">
              <conditions>
                <condition number="126" type="jump" coverage="100%" />
              </conditions>
            </line>
            <line number="64" hits="2" branch="False" />
            <line number="65" hits="2" branch="False" />
            <line number="66" hits="2" branch="True" condition-coverage="50% (2/4)">
              <conditions>
                <condition number="152" type="jump" coverage="50%" />
                <condition number="168" type="jump" coverage="50%" />
              </conditions>
            </line>
            <line number="67" hits="0" branch="False" />
            <line number="68" hits="0" branch="False" />
            <line number="69" hits="2" branch="False" />
            <line number="70" hits="2" branch="False" />
            <line number="71" hits="2" branch="False" />
            <line number="72" hits="2" branch="False" />
            <line number="74" hits="5" branch="False" />
            <line number="77" hits="5" branch="False" />
            <line number="79" hits="5" branch="True" condition-coverage="100% (4/4)">
              <conditions>
                <condition number="12" type="jump" coverage="100%" />
                <condition number="28" type="jump" coverage="100%" />
              </conditions>
            </line>
            <line number="81" hits="1" branch="False" />
            <line number="82" hits="1" branch="False" />
            <line number="83" hits="1" branch="False" />
            <line number="84" hits="1" branch="False" />
            <line number="85" hits="1" branch="False" />
            <line number="86" hits="1" branch="False" />
            <line number="87" hits="5" branch="False" />
            <line number="90" hits="13" branch="False" />
            <line number="91" hits="13" branch="True" condition-coverage="100% (2/2)">
              <conditions>
                <condition number="12" type="jump" coverage="100%" />
              </conditions>
            </line>
            <line number="92" hits="4" branch="False" />
            <line number="93" hits="4" branch="False" />
            <line number="96" hits="9" branch="True" condition-coverage="50% (1/2)">
              <conditions>
                <condition number="30" type="jump" coverage="50%" />
              </conditions>
            </line>
            <line number="97" hits="13" branch="False" />
            <line number="100" hits="1" branch="False" />
            <line number="101" hits="1" branch="False" />
            <line number="102" hits="1" branch="False" />
            <line number="104" hits="1" branch="False" />
            <line number="107" hits="1" branch="False" />
            <line number="108" hits="1" branch="False" />
            <line number="109" hits="1" branch="False" />
            <line number="110" hits="1" branch="False" />
            <line number="112" hits="1" branch="False" />
            <line number="113" hits="1" branch="False" />
            <line number="29" hits="4" branch="False" />
            <line number="30" hits="4" branch="False" />
            <line number="31" hits="4" branch="False" />
            <line number="32" hits="4" branch="False" />
            <line number="33" hits="4" branch="False" />
            <line number="34" hits="4" branch="False" />
            <line number="35" hits="4" branch="False" />
            <line number="36" hits="4" branch="False" />
            <line number="37" hits="4" branch="False" />
            <line number="38" hits="4" branch="False" />
          </lines>
        </class>
        <class name="CholletJaworskiZarwin.GameEngine" filename="GameEngine.cs" line-rate="1" branch-rate="0,938" complexity="0">
          <methods>
            <method name="GameLoop" signature="()" line-rate="1" branch-rate="0,833">
              <lines>
                <line number="47" hits="3" branch="False" />
                <line number="48" hits="3" branch="True" condition-coverage="100% (2/2)">
                  <conditions>
                    <condition number="13" type="jump" coverage="100%" />
                  </conditions>
                </line>
                <line number="49" hits="1" branch="False" />
                <line number="50" hits="1" branch="False" />
                <line number="51" hits="1" branch="False" />
                <line number="54" hits="2" branch="False" />
                <line number="55" hits="5" branch="True" condition-coverage="75% (3/4)">
                  <conditions>
                    <condition number="126" type="jump" coverage="100%" />
                    <condition number="105" type="jump" coverage="50%" />
                  </conditions>
                </line>
                <line number="56" hits="3" branch="False" />
                <line number="58" hits="3" branch="False" />
                <line number="59" hits="3" branch="False" />
                <line number="62" hits="2" branch="False" />
                <line number="64" hits="2" branch="False" />
                <line number="65" hits="3" branch="False" />
              </lines>
            </method>
            <method name="DoingTurnActions" signature="()" line-rate="1" branch-rate="0">
              <lines>
                <line number="68" hits="3" branch="False" />
                <line number="70" hits="3" branch="False" />
                <line number="73" hits="3" branch="False" />
                <line number="77" hits="3" branch="False" />
                <line number="78" hits="3" branch="False" />
                <line number="81" hits="3" branch="False" />
                <line number="82" hits="3" branch="False" />
              </lines>
            </method>
            <method name="hordeDoingDomages" signature="(Zarwin.Shared.Contracts.Input.Parameters,CholletJaworskiZarwin.Horde,CholletJaworskiZarwin.Soldier[])" line-rate="1" branch-rate="1">
              <lines>
                <line number="85" hits="3" branch="False" />
                <line number="86" hits="3" branch="False" />
                <line number="89" hits="8" branch="True" condition-coverage="100% (2/2)">
                  <conditions>
                    <condition number="28" type="jump" coverage="100%" />
                  </conditions>
                </line>
                <line number="90" hits="1" branch="False" />
                <line number="91" hits="1" branch="False" />
                <line number="92" hits="1" branch="False" />
                <line number="93" hits="3" branch="False" />
                <line number="94" hits="3" branch="False" />
                <line number="95" hits="3" branch="False" />
              </lines>
            </method>
            <method name="refreshingSoldierState" signature="(System.Collections.Generic.List`1&lt;Zarwin.Shared.Contracts.Output.SoldierState&gt;,CholletJaworskiZarwin.Soldier[])" line-rate="1" branch-rate="1">
              <lines>
                <line number="98" hits="6" branch="False" />
                <line number="99" hits="6" branch="False" />
                <line number="100" hits="22" branch="True" condition-coverage="100% (2/2)">
                  <conditions>
                    <condition number="62" type="jump" coverage="100%" />
                  </conditions>
                </line>
                <line number="101" hits="5" branch="False" />
                <line number="102" hits="5" branch="False" />
                <line number="103" hits="5" branch="False" />
                <line number="104" hits="6" branch="False" />
              </lines>
            </method>
            <method name="buildingSoldiers" signature="(Zarwin.Shared.Contracts.Input.SoldierParameters[],CholletJaworskiZarwin.Soldier[])" line-rate="1" branch-rate="1">
              <lines>
                <line number="107" hits="3" branch="False" />
                <line number="108" hits="10" branch="True" condition-coverage="100% (2/2)">
                  <conditions>
                    <condition number="43" type="jump" coverage="100%" />
                  </conditions>
                </line>
                <line number="109" hits="2" branch="False" />
                <line number="110" hits="2" branch="False" />
                <line number="111" hits="2" branch="False" />
                <line number="112" hits="3" branch="False" />
              </lines>
            </method>
            <method name="soldiersAttacking" signature="(CholletJaworskiZarwin.Soldier[],CholletJaworskiZarwin.Horde)" line-rate="1" branch-rate="1">
              <lines>
                <line number="115" hits="3" branch="False" />
                <line number="116" hits="15" branch="True" condition-coverage="100% (2/2)">
                  <conditions>
                    <condition number="41" type="jump" coverage="100%" />
                  </conditions>
                </line>
                <line number="117" hits="3" branch="False" />
                <line number="118" hits="3" branch="True" condition-coverage="100% (2/2)">
                  <conditions>
                    <condition number="21" type="jump" coverage="100%" />
                  </conditions>
                </line>
                <line number="119" hits="3" branch="False" />
                <line number="120" hits="3" branch="False" />
                <line number="121" hits="3" branch="False" />
                <line number="122" hits="3" branch="False" />
                <line number="123" hits="3" branch="False" />
              </lines>
            </method>
            <method name=".ctor" signature="(Zarwin.Shared.Contracts.Input.Parameters)" line-rate="1" branch-rate="0">
              <lines>
                <line number="15" hits="3" branch="False" />
                <line number="19" hits="3" branch="False" />
                <line number="26" hits="3" branch="False" />
                <line number="28" hits="3" branch="False" />
                <line number="29" hits="3" branch="False" />
                <line number="30" hits="3" branch="False" />
                <line number="31" hits="3" branch="False" />
                <line number="33" hits="3" branch="False" />
                <line number="34" hits="3" branch="False" />
                <line number="36" hits="3" branch="False" />
                <line number="38" hits="3" branch="False" />
                <line number="39" hits="3" branch="False" />
                <line number="40" hits="3" branch="False" />
                <line number="42" hits="3" branch="False" />
                <line number="43" hits="3" branch="False" />
              </lines>
            </method>
          </methods>
          <lines>
            <line number="47" hits="3" branch="False" />
            <line number="48" hits="3" branch="True" condition-coverage="100% (2/2)">
              <conditions>
                <condition number="13" type="jump" coverage="100%" />
              </conditions>
            </line>
            <line number="49" hits="1" branch="False" />
            <line number="50" hits="1" branch="False" />
            <line number="51" hits="1" branch="False" />
            <line number="54" hits="2" branch="False" />
            <line number="55" hits="5" branch="True" condition-coverage="75% (3/4)">
              <conditions>
                <condition number="126" type="jump" coverage="100%" />
                <condition number="105" type="jump" coverage="50%" />
              </conditions>
            </line>
            <line number="56" hits="3" branch="False" />
            <line number="58" hits="3" branch="False" />
            <line number="59" hits="3" branch="False" />
            <line number="62" hits="2" branch="False" />
            <line number="64" hits="2" branch="False" />
            <line number="65" hits="3" branch="False" />
            <line number="68" hits="3" branch="False" />
            <line number="70" hits="3" branch="False" />
            <line number="73" hits="3" branch="False" />
            <line number="77" hits="3" branch="False" />
            <line number="78" hits="3" branch="False" />
            <line number="81" hits="3" branch="False" />
            <line number="82" hits="3" branch="False" />
            <line number="85" hits="3" branch="False" />
            <line number="86" hits="3" branch="False" />
            <line number="89" hits="8" branch="True" condition-coverage="100% (2/2)">
              <conditions>
                <condition number="28" type="jump" coverage="100%" />
              </conditions>
            </line>
            <line number="90" hits="1" branch="False" />
            <line number="91" hits="1" branch="False" />
            <line number="92" hits="1" branch="False" />
            <line number="93" hits="3" branch="False" />
            <line number="94" hits="3" branch="False" />
            <line number="95" hits="3" branch="False" />
            <line number="98" hits="6" branch="False" />
            <line number="99" hits="6" branch="False" />
            <line number="100" hits="22" branch="True" condition-coverage="100% (2/2)">
              <conditions>
                <condition number="62" type="jump" coverage="100%" />
              </conditions>
            </line>
            <line number="101" hits="5" branch="False" />
            <line number="102" hits="5" branch="False" />
            <line number="103" hits="5" branch="False" />
            <line number="104" hits="6" branch="False" />
            <line number="107" hits="3" branch="False" />
            <line number="108" hits="10" branch="True" condition-coverage="100% (2/2)">
              <conditions>
                <condition number="43" type="jump" coverage="100%" />
              </conditions>
            </line>
            <line number="109" hits="2" branch="False" />
            <line number="110" hits="2" branch="False" />
            <line number="111" hits="2" branch="False" />
            <line number="112" hits="3" branch="False" />
            <line number="115" hits="3" branch="False" />
            <line number="116" hits="15" branch="True" condition-coverage="100% (2/2)">
              <conditions>
                <condition number="41" type="jump" coverage="100%" />
              </conditions>
            </line>
            <line number="117" hits="3" branch="False" />
            <line number="118" hits="3" branch="True" condition-coverage="100% (2/2)">
              <conditions>
                <condition number="21" type="jump" coverage="100%" />
              </conditions>
            </line>
            <line number="119" hits="3" branch="False" />
            <line number="120" hits="3" branch="False" />
            <line number="121" hits="3" branch="False" />
            <line number="122" hits="3" branch="False" />
            <line number="123" hits="3" branch="False" />
            <line number="15" hits="3" branch="False" />
            <line number="19" hits="3" branch="False" />
            <line number="26" hits="3" branch="False" />
            <line number="28" hits="3" branch="False" />
            <line number="29" hits="3" branch="False" />
            <line number="30" hits="3" branch="False" />
            <line number="31" hits="3" branch="False" />
            <line number="33" hits="3" branch="False" />
            <line number="34" hits="3" branch="False" />
            <line number="36" hits="3" branch="False" />
            <line number="38" hits="3" branch="False" />
            <line number="39" hits="3" branch="False" />
            <line number="40" hits="3" branch="False" />
            <line number="42" hits="3" branch="False" />
            <line number="43" hits="3" branch="False" />
          </lines>
        </class>
        <class name="CholletJaworskiZarwin.Horde" filename="Horde.cs" line-rate="1" branch-rate="1" complexity="0">
          <methods>
            <method name="AttackCity" signature="(CholletJaworskiZarwin.City,CholletJaworskiZarwin.DamageDispatcher)" line-rate="1" branch-rate="1">
              <lines>
                <line number="23" hits="5" branch="False" />
                <line number="24" hits="33" branch="True" condition-coverage="100% (2/2)">
                  <conditions>
                    <condition number="42" type="jump" coverage="100%" />
                  </conditions>
                </line>
                <line number="25" hits="9" branch="False" />
                <line number="26" hits="9" branch="False" />
                <line number="27" hits="9" branch="False" />
                <line number="28" hits="5" branch="False" />
              </lines>
            </method>
            <method name="KillWalker" signature="()" line-rate="1" branch-rate="1">
              <lines>
                <line number="31" hits="40" branch="False" />
                <line number="34" hits="40" branch="True" condition-coverage="100% (2/2)">
                  <conditions>
                    <condition number="17" type="jump" coverage="100%" />
                  </conditions>
                </line>
                <line number="35" hits="28" branch="False" />
                <line number="36" hits="28" branch="False" />
                <line number="37" hits="28" branch="False" />
                <line number="39" hits="12" branch="False" />
                <line number="40" hits="40" branch="False" />
              </lines>
            </method>
            <method name="GetNumberWalkersAlive" signature="()" line-rate="1" branch-rate="0">
              <lines>
                <line number="43" hits="38" branch="False" />
                <line number="44" hits="38" branch="False" />
                <line number="45" hits="38" branch="False" />
              </lines>
            </method>
            <method name="KillWalkers" signature="(System.Int32)" line-rate="1" branch-rate="1">
              <lines>
                <line number="48" hits="32" branch="False" />
                <line number="49" hits="136" branch="True" condition-coverage="100% (2/2)">
                  <conditions>
                    <condition number="24" type="jump" coverage="100%" />
                  </conditions>
                </line>
                <line number="50" hits="36" branch="False" />
                <line number="51" hits="36" branch="False" />
                <line number="52" hits="36" branch="False" />
                <line number="53" hits="32" branch="False" />
              </lines>
            </method>
            <method name=".ctor" signature="(System.Int32)" line-rate="1" branch-rate="1">
              <lines>
                <line number="13" hits="18" branch="False" />
                <line number="14" hits="18" branch="False" />
                <line number="15" hits="18" branch="False" />
                <line number="16" hits="188" branch="True" condition-coverage="100% (2/2)">
                  <conditions>
                    <condition number="52" type="jump" coverage="100%" />
                  </conditions>
                </line>
                <line number="17" hits="76" branch="False" />
                <line number="18" hits="76" branch="False" />
                <line number="19" hits="76" branch="False" />
                <line number="20" hits="18" branch="False" />
              </lines>
            </method>
          </methods>
          <lines>
            <line number="23" hits="5" branch="False" />
            <line number="24" hits="33" branch="True" condition-coverage="100% (2/2)">
              <conditions>
                <condition number="42" type="jump" coverage="100%" />
              </conditions>
            </line>
            <line number="25" hits="9" branch="False" />
            <line number="26" hits="9" branch="False" />
            <line number="27" hits="9" branch="False" />
            <line number="28" hits="5" branch="False" />
            <line number="31" hits="40" branch="False" />
            <line number="34" hits="40" branch="True" condition-coverage="100% (2/2)">
              <conditions>
                <condition number="17" type="jump" coverage="100%" />
              </conditions>
            </line>
            <line number="35" hits="28" branch="False" />
            <line number="36" hits="28" branch="False" />
            <line number="37" hits="28" branch="False" />
            <line number="39" hits="12" branch="False" />
            <line number="40" hits="40" branch="False" />
            <line number="43" hits="38" branch="False" />
            <line number="44" hits="38" branch="False" />
            <line number="45" hits="38" branch="False" />
            <line number="48" hits="32" branch="False" />
            <line number="49" hits="136" branch="True" condition-coverage="100% (2/2)">
              <conditions>
                <condition number="24" type="jump" coverage="100%" />
              </conditions>
            </line>
            <line number="50" hits="36" branch="False" />
            <line number="51" hits="36" branch="False" />
            <line number="52" hits="36" branch="False" />
            <line number="53" hits="32" branch="False" />
            <line number="13" hits="18" branch="False" />
            <line number="14" hits="18" branch="False" />
            <line number="15" hits="18" branch="False" />
            <line number="16" hits="188" branch="True" condition-coverage="100% (2/2)">
              <conditions>
                <condition number="52" type="jump" coverage="100%" />
              </conditions>
            </line>
            <line number="17" hits="76" branch="False" />
            <line number="18" hits="76" branch="False" />
            <line number="19" hits="76" branch="False" />
            <line number="20" hits="18" branch="False" />
          </lines>
        </class>
        <class name="CholletJaworskiZarwin.Program" filename="Program.cs" line-rate="0" branch-rate="0" complexity="0">
          <methods>
            <method name="Main" signature="(System.String[])" line-rate="0" branch-rate="0">
              <lines>
                <line number="13" hits="0" branch="False" />
                <line number="14" hits="0" branch="False" />
                <line number="16" hits="0" branch="True" condition-coverage="0% (0/2)">
                  <conditions>
                    <condition number="103" type="jump" coverage="0%" />
                  </conditions>
                </line>
                <line number="17" hits="0" branch="False" />
                <line number="18" hits="0" branch="False" />
                <line number="19" hits="0" branch="False" />
                <line number="21" hits="0" branch="False" />
                <line number="23" hits="0" branch="False" />
                <line number="24" hits="0" branch="False" />
                <line number="25" hits="0" branch="False" />
                <line number="27" hits="0" branch="False" />
                <line number="29" hits="0" branch="False" />
              </lines>
            </method>
            <method name="PressEnter" signature="()" line-rate="0" branch-rate="0">
              <lines>
                <line number="31" hits="0" branch="False" />
                <line number="32" hits="0" branch="False" />
                <line number="35" hits="0" branch="False" />
                <line number="36" hits="0" branch="False" />
                <line number="38" hits="0" branch="True" condition-coverage="0% (0/2)">
                  <conditions>
                    <condition number="36" type="jump" coverage="0%" />
                  </conditions>
                </line>
                <line number="39" hits="0" branch="False" />
              </lines>
            </method>
          </methods>
          <lines>
            <line number="13" hits="0" branch="False" />
            <line number="14" hits="0" branch="False" />
            <line number="16" hits="0" branch="True" condition-coverage="0% (0/2)">
              <conditions>
                <condition number="103" type="jump" coverage="0%" />
              </conditions>
            </line>
            <line number="17" hits="0" branch="False" />
            <line number="18" hits="0" branch="False" />
            <line number="19" hits="0" branch="False" />
            <line number="21" hits="0" branch="False" />
            <line number="23" hits="0" branch="False" />
            <line number="24" hits="0" branch="False" />
            <line number="25" hits="0" branch="False" />
            <line number="27" hits="0" branch="False" />
            <line number="29" hits="0" branch="False" />
            <line number="31" hits="0" branch="False" />
            <line number="32" hits="0" branch="False" />
            <line number="35" hits="0" branch="False" />
            <line number="36" hits="0" branch="False" />
            <line number="38" hits="0" branch="True" condition-coverage="0% (0/2)">
              <conditions>
                <condition number="36" type="jump" coverage="0%" />
              </conditions>
            </line>
            <line number="39" hits="0" branch="False" />
          </lines>
        </class>
        <class name="CholletJaworskiZarwin.Soldier" filename="Soldier.cs" line-rate="1" branch-rate="0" complexity="0">
          <methods>
            <method name="get_Id" signature="()" line-rate="1" branch-rate="0">
              <lines>
                <line number="19" hits="13" branch="False" />
              </lines>
            </method>
            <method name="get_HealthPoints" signature="()" line-rate="1" branch-rate="0">
              <lines>
                <line number="20" hits="87" branch="False" />
              </lines>
            </method>
            <method name="get_Level" signature="()" line-rate="1" branch-rate="0">
              <lines>
                <line number="21" hits="8" branch="False" />
              </lines>
            </method>
            <method name="Hurt" signature="(System.Int32)" line-rate="1" branch-rate="0">
              <lines>
                <line number="41" hits="4" branch="False" />
                <line number="42" hits="4" branch="False" />
                <line number="43" hits="4" branch="False" />
              </lines>
            </method>
            <method name="LevelUp" signature="()" line-rate="1" branch-rate="0">
              <lines>
                <line number="46" hits="4" branch="False" />
                <line number="47" hits="4" branch="False" />
                <line number="48" hits="4" branch="False" />
                <line number="49" hits="4" branch="False" />
              </lines>
            </method>
            <method name="Defend" signature="(CholletJaworskiZarwin.Horde)" line-rate="1" branch-rate="0">
              <lines>
                <line number="52" hits="31" branch="False" />
                <line number="54" hits="31" branch="False" />
                <line number="55" hits="31" branch="False" />
                <line number="57" hits="31" branch="False" />
                <line number="58" hits="31" branch="False" />
              </lines>
            </method>
            <method name="ToString" signature="()" line-rate="1" branch-rate="0">
              <lines>
                <line number="61" hits="1" branch="False" />
                <line number="62" hits="1" branch="False" />
                <line number="63" hits="1" branch="False" />
              </lines>
            </method>
            <method name=".ctor" signature="()" line-rate="1" branch-rate="0">
              <lines>
                <line number="24" hits="29" branch="False" />
                <line number="25" hits="29" branch="False" />
                <line number="26" hits="29" branch="False" />
                <line number="27" hits="29" branch="False" />
                <line number="28" hits="29" branch="False" />
                <line number="29" hits="29" branch="False" />
                <line number="30" hits="29" branch="False" />
              </lines>
            </method>
            <method name=".ctor" signature="(System.Int32,System.Int32)" line-rate="1" branch-rate="0">
              <lines>
                <line number="32" hits="6" branch="False" />
                <line number="33" hits="6" branch="False" />
                <line number="34" hits="6" branch="False" />
                <line number="35" hits="6" branch="False" />
                <line number="36" hits="6" branch="False" />
                <line number="37" hits="6" branch="False" />
              </lines>
            </method>
            <method name=".cctor" signature="()" line-rate="1" branch-rate="0">
              <lines>
                <line number="11" hits="1" branch="False" />
              </lines>
            </method>
          </methods>
          <lines>
            <line number="19" hits="13" branch="False" />
            <line number="20" hits="87" branch="False" />
            <line number="21" hits="8" branch="False" />
            <line number="41" hits="4" branch="False" />
            <line number="42" hits="4" branch="False" />
            <line number="43" hits="4" branch="False" />
            <line number="46" hits="4" branch="False" />
            <line number="47" hits="4" branch="False" />
            <line number="48" hits="4" branch="False" />
            <line number="49" hits="4" branch="False" />
            <line number="52" hits="31" branch="False" />
            <line number="54" hits="31" branch="False" />
            <line number="55" hits="31" branch="False" />
            <line number="57" hits="31" branch="False" />
            <line number="58" hits="31" branch="False" />
            <line number="61" hits="1" branch="False" />
            <line number="62" hits="1" branch="False" />
            <line number="63" hits="1" branch="False" />
            <line number="24" hits="29" branch="False" />
            <line number="25" hits="29" branch="False" />
            <line number="26" hits="29" branch="False" />
            <line number="27" hits="29" branch="False" />
            <line number="28" hits="29" branch="False" />
            <line number="29" hits="29" branch="False" />
            <line number="30" hits="29" branch="False" />
            <line number="32" hits="6" branch="False" />
            <line number="33" hits="6" branch="False" />
            <line number="34" hits="6" branch="False" />
            <line number="35" hits="6" branch="False" />
            <line number="36" hits="6" branch="False" />
            <line number="37" hits="6" branch="False" />
            <line number="11" hits="1" branch="False" />
          </lines>
        </class>
        <class name="CholletJaworskiZarwin.Walker" filename="Walker.cs" line-rate="1" branch-rate="1" complexity="0">
          <methods>
            <method name="get_Id" signature="()" line-rate="1" branch-rate="0">
              <lines>
                <line number="16" hits="1" branch="False" />
              </lines>
            </method>
            <method name="AttackCity" signature="(CholletJaworskiZarwin.City,CholletJaworskiZarwin.DamageDispatcher)" line-rate="1" branch-rate="1">
              <lines>
                <line number="25" hits="11" branch="False" />
                <line number="27" hits="11" branch="True" condition-coverage="100% (2/2)">
                  <conditions>
                    <condition number="17" type="jump" coverage="100%" />
                  </conditions>
                </line>
                <line number="28" hits="10" branch="False" />
                <line number="29" hits="10" branch="False" />
                <line number="30" hits="10" branch="False" />
                <line number="32" hits="1" branch="False" />
                <line number="33" hits="1" branch="False" />
                <line number="34" hits="1" branch="False" />
                <line number="35" hits="11" branch="False" />
              </lines>
            </method>
            <method name="ToString" signature="()" line-rate="1" branch-rate="0">
              <lines>
                <line number="38" hits="1" branch="False" />
                <line number="39" hits="1" branch="False" />
                <line number="40" hits="1" branch="False" />
              </lines>
            </method>
            <method name=".ctor" signature="()" line-rate="1" branch-rate="0">
              <lines>
                <line number="18" hits="78" branch="False" />
                <line number="19" hits="78" branch="False" />
                <line number="20" hits="78" branch="False" />
                <line number="21" hits="78" branch="False" />
                <line number="22" hits="78" branch="False" />
              </lines>
            </method>
            <method name=".cctor" signature="()" line-rate="1" branch-rate="0">
              <lines>
                <line number="11" hits="1" branch="False" />
              </lines>
            </method>
          </methods>
          <lines>
            <line number="16" hits="1" branch="False" />
            <line number="25" hits="11" branch="False" />
            <line number="27" hits="11" branch="True" condition-coverage="100% (2/2)">
              <conditions>
                <condition number="17" type="jump" coverage="100%" />
              </conditions>
            </line>
            <line number="28" hits="10" branch="False" />
            <line number="29" hits="10" branch="False" />
            <line number="30" hits="10" branch="False" />
            <line number="32" hits="1" branch="False" />
            <line number="33" hits="1" branch="False" />
            <line number="34" hits="1" branch="False" />
            <line number="35" hits="11" branch="False" />
            <line number="38" hits="1" branch="False" />
            <line number="39" hits="1" branch="False" />
            <line number="40" hits="1" branch="False" />
            <line number="18" hits="78" branch="False" />
            <line number="19" hits="78" branch="False" />
            <line number="20" hits="78" branch="False" />
            <line number="21" hits="78" branch="False" />
            <line number="22" hits="78" branch="False" />
            <line number="11" hits="1" branch="False" />
          </lines>
        </class>
        <class name="CholletJaworskiZarwin.Wall" filename="Wall.cs" line-rate="0,571" branch-rate="0,5" complexity="0">
          <methods>
            <method name="get_Health" signature="()" line-rate="1" branch-rate="0">
              <lines>
                <line number="11" hits="22" branch="False" />
              </lines>
            </method>
            <method name="WeakenWall" signature="(System.Int32)" line-rate="0,571" branch-rate="0,5">
              <lines>
                <line number="18" hits="11" branch="False" />
                <line number="19" hits="11" branch="False" />
                <line number="20" hits="11" branch="True" condition-coverage="50% (1/2)">
                  <conditions>
                    <condition number="26" type="jump" coverage="50%" />
                  </conditions>
                </line>
                <line number="21" hits="0" branch="False" />
                <line number="22" hits="0" branch="False" />
                <line number="23" hits="0" branch="False" />
                <line number="24" hits="11" branch="False" />
              </lines>
            </method>
            <method name="GetHealh" signature="()" line-rate="0" branch-rate="0">
              <lines>
                <line number="27" hits="0" branch="False" />
                <line number="28" hits="0" branch="False" />
                <line number="29" hits="0" branch="False" />
              </lines>
            </method>
            <method name=".ctor" signature="(System.Int32)" line-rate="1" branch-rate="0">
              <lines>
                <line number="13" hits="26" branch="False" />
                <line number="14" hits="13" branch="False" />
                <line number="15" hits="13" branch="False" />
              </lines>
            </method>
          </methods>
          <lines>
            <line number="11" hits="22" branch="False" />
            <line number="18" hits="11" branch="False" />
            <line number="19" hits="11" branch="False" />
            <line number="20" hits="11" branch="True" condition-coverage="50% (1/2)">
              <conditions>
                <condition number="26" type="jump" coverage="50%" />
              </conditions>
            </line>
            <line number="21" hits="0" branch="False" />
            <line number="22" hits="0" branch="False" />
            <line number="23" hits="0" branch="False" />
            <line number="24" hits="11" branch="False" />
            <line number="27" hits="0" branch="False" />
            <line number="28" hits="0" branch="False" />
            <line number="29" hits="0" branch="False" />
            <line number="13" hits="26" branch="False" />
            <line number="14" hits="13" branch="False" />
            <line number="15" hits="13" branch="False" />
          </lines>
        </class>
      </classes>
    </package>
  </packages>
</coverage>